Mon May  5 16:45:07 UTC 2025: Created user username with group group
Mon May  5 16:45:07 UTC 2025: Created user jdoe with group engineering
Mon May  5 16:45:07 UTC 2025: Created user asmith with group engineering
Mon May  5 16:45:07 UTC 2025: Created user mjones with group design
Mon May  5 16:46:58 UTC 2025: Created user username with group group
Mon May  5 16:46:59 UTC 2025: Created user jdoe with group engineering
Mon May  5 16:47:00 UTC 2025: Created user asmith with group engineering
Mon May  5 16:47:01 UTC 2025: Created user mjones with group design
Mon May  5 16:49:57 UTC 2025: Created user username with group group
Mon May  5 16:49:57 UTC 2025: Created user jdoe with group engineering
Mon May  5 16:49:57 UTC 2025: Created user asmith with group engineering
Mon May  5 16:49:58 UTC 2025: Created user mjones with group design
Mon May  5 16:51:02 UTC 2025: Created user username with group group
Mon May  5 16:51:03 UTC 2025: Created user jdoe with group engineering
Mon May  5 16:51:04 UTC 2025: Created user asmith with group engineering
Mon May  5 16:51:04 UTC 2025: Created user mjones with group design
Mon May  5 16:53:56 UTC 2025: Created user username with group group
Mon May  5 16:53:57 UTC 2025: Created user jdoe with group engineering
Mon May  5 16:53:58 UTC 2025: Created user asmith with group engineering
Mon May  5 16:53:59 UTC 2025: Created user mjones with group design
Mon May  5 16:57:29 UTC 2025: Created user username with group group
Mon May  5 16:57:30 UTC 2025: Created user jdoe with group engineering
Mon May  5 16:57:31 UTC 2025: Created user asmith with group engineering
Mon May  5 16:57:33 UTC 2025: Created user mjones with group design
Mon May  5 17:02:09 UTC 2025: Created user username with group group
Mon May  5 17:02:10 UTC 2025: Created user jdoe with group engineering
Mon May  5 17:02:10 UTC 2025: Created user asmith with group engineering
Mon May  5 17:02:10 UTC 2025: Created user mjones with group design
Tue May  6 11:53:10 UTC 2025: Created user username with group group
Tue May  6 11:53:17 UTC 2025: Created user jdoe with group engineering
Tue May  6 11:55:31 UTC 2025: Created user username with group group
Tue May  6 11:55:33 UTC 2025: Created user jdoe with group engineering
Tue May  6 11:55:36 UTC 2025: Created user asmith with group engineering
Tue May  6 11:55:38 UTC 2025: Created user mjones with group design
Tue May  6 12:01:14 UTC 2025: Created user username with group group
Tue May  6 12:01:17 UTC 2025: Created user jdoe with group engineering
Tue May  6 12:01:19 UTC 2025: Created user asmith with group engineering
Tue May  6 12:01:26 UTC 2025: Created user mjones with group design
Tue May  6 12:07:52 UTC 2025: Created user username with group group
Tue May  6 12:08:00 UTC 2025: Created user jdoe with group engineering
Tue May  6 12:08:03 UTC 2025: Created user asmith with group engineering
Tue May  6 12:08:09 UTC 2025: Created user mjones with group design
Tue May  6 12:33:58 UTC 2025: Created user username with group group
Tue May  6 12:34:00 UTC 2025: Created user jdoe with group engineering
Tue May  6 12:34:02 UTC 2025: Created user asmith with group engineering
Tue May  6 12:34:05 UTC 2025: Created user mjones with group design
Tue May  6 12:34:27 UTC 2025: Created user username with group group
Tue May  6 12:34:30 UTC 2025: Created user jdoe with group engineering
Tue May  6 12:34:32 UTC 2025: Created user asmith with group engineering
Tue May  6 12:34:35 UTC 2025: Created user mjones with group design
Tue May  6 13:25:34 UTC 2025: Created user username with group group
Tue May  6 13:25:36 UTC 2025: Created user jdoe with group engineering
Tue May  6 13:25:39 UTC 2025: Created user asmith with group engineering
Tue May  6 13:25:41 UTC 2025: Created user mjones with group design
Tue May  6 13:30:48 UTC 2025: Created user username with group group
Tue May  6 13:30:50 UTC 2025: Created user jdoe with group engineering
Tue May  6 13:30:53 UTC 2025: Created user asmith with group engineering
Tue May  6 13:30:55 UTC 2025: Created user mjones with group design
Tue May  6 15:25:16 UTC 2025: Created user username with group group
Tue May  6 15:25:18 UTC 2025: Created user jdoe with group engineering
Tue May  6 15:25:21 UTC 2025: Created user asmith with group engineering
Tue May  6 15:25:23 UTC 2025: Created user mjones with group design
Tue May  6 15:25:23 UTC 2025: Script completed
Tue May  6 15:58:59 UTC 2025: Created user jdoe with group engineering
Tue May  6 15:59:01 UTC 2025: Created user asmith with group engineering
Tue May  6 15:59:04 UTC 2025: Created user mjones with group design
Tue May  6 15:59:04 UTC 2025: Script completed
Tue May  6 16:00:06 UTC 2025: Created user jdoe with group engineering
Tue May  6 16:00:08 UTC 2025: Created user asmith with group engineering
Tue May  6 16:00:11 UTC 2025: Created user mjones with group design
Tue May  6 16:00:11 UTC 2025: Script completed
Tue May  6 16:02:51 UTC 2025: Created user jdoe with group engineering
Tue May  6 16:02:53 UTC 2025: Created user asmith with group engineering
Tue May  6 16:02:56 UTC 2025: Created user mjones with group design
Tue May  6 16:02:56 UTC 2025: Script completed
Tue May  6 16:13:50 UTC 2025: Created user jdoe with group engineering
Tue May  6 16:13:53 UTC 2025: Created user asmith with group engineering
Tue May  6 16:13:55 UTC 2025: Created user mjones with group design
Tue May  6 16:13:55 UTC 2025: Script completed
Tue May  6 16:16:57 UTC 2025: Created user jdoe with group engineering
Tue May  6 16:16:59 UTC 2025: Created user asmith with group engineering
Tue May  6 16:17:02 UTC 2025: Created user mjones with group design
Tue May  6 16:17:02 UTC 2025: Script completed
Thu May  8 08:03:00 UTC 2025: Created user jdoe with group engineering
Thu May  8 08:03:00 UTC 2025: Created user asmith with group engineering
Thu May  8 08:03:01 UTC 2025: Created user mjones with group design
Thu May  8 08:03:01 UTC 2025: Script completed
Thu May  8 08:06:31 UTC 2025: Created user jdoe with group engineering
Thu May  8 08:06:33 UTC 2025: Created user asmith with group engineering
Thu May  8 08:06:35 UTC 2025: Created user mjones with group design
Thu May  8 08:06:35 UTC 2025: Script completed
Thu May  8 08:10:58 UTC 2025: Created user jdoe with group engineering
Thu May  8 08:11:00 UTC 2025: Created user asmith with group engineering
Thu May  8 08:11:02 UTC 2025: Created user mjones with group design
Thu May  8 08:11:02 UTC 2025: Script completed
